Jul 06, 2023 11:33:14 AM com.example.proj.rest.BookInventory logreport
INFO: Id :1 fetched..../
Jul 06, 2023 11:33:27 AM com.example.proj.rest.BookInventory logreport
INFO: Books searched......

Jul 06, 2023 11:33:45 AM com.example.proj.rest.BookInventory logreport
INFO: Books searched......

Jul 06, 2023 11:34:16 AM com.example.proj.rest.BookInventory logreport
INFO: Id :5 fetched..../
Jul 06, 2023 11:34:16 AM com.example.proj.rest.BookInventory logreport
INFO: 5 Book removed
 alavudin
Jul 06, 2023 11:34:33 AM com.example.proj.rest.BookInventory logreport
INFO: Id :5 fetched..../
Jul 06, 2023 11:34:35 AM com.example.proj.rest.BookInventory logreport
INFO: Books searched......

Jul 06, 2023 11:44:15 AM com.example.proj.rest.BookInventory logreport
INFO: Books searched......

Jul 06, 2023 11:48:39 AM com.example.proj.rest.BookInventory logreport
INFO: Books searched......

Jul 06, 2023 11:50:05 AM com.example.proj.rest.BookInventory logreport
INFO: Books searched......

Jul 06, 2023 11:53:30 AM com.example.proj.rest.BookInventory logreport
INFO: Books searched......

Jul 06, 2023 11:54:05 AM com.example.proj.rest.BookInventory logreport
INFO: Books searched......

Jul 06, 2023 11:54:52 AM com.example.proj.rest.BookInventory logreport
INFO: Books searched......

Jul 06, 2023 11:55:01 AM com.example.proj.rest.BookInventory logreport
INFO: Id :1 fetched..../
Jul 06, 2023 12:07:18 PM com.example.proj.rest.BookInventory logreport
INFO: Id :1 fetched..../
Jul 06, 2023 12:07:22 PM com.example.proj.rest.BookInventory logreport
INFO: Books searched......

Jul 06, 2023 12:07:33 PM com.example.proj.rest.BookInventory logreport
INFO: Report Generated Successfully.............

